{"/Users/arnoldosilva/Projetos/weatherapp/src/assets/cloudyday.jpg": {"path":"/Users/arnoldosilva/Projetos/weatherapp/src/assets/cloudyday.jpg","statementMap":{"0":{"start":{"line":1,"column":0},"end":{"line":1,"column":19}}},"fnMap":{},"branchMap":{},"s":{"0":1},"f":{},"b":{},"inputSourceMap":null,"_coverageSchema":"1a1c01bbd47fc00a2c39e90264f33305004495a9","hash":"11fb5beeb520902f785b18ce47a3ea17324ed816"}
,"/Users/arnoldosilva/Projetos/weatherapp/src/pages/home/Home.tsx": {"path":"/Users/arnoldosilva/Projetos/weatherapp/src/pages/home/Home.tsx","statementMap":{"0":{"start":{"line":7,"column":15},"end":{"line":7,"column":46}},"1":{"start":{"line":11,"column":13},"end":{"line":24,"column":1}},"2":{"start":{"line":12,"column":2},"end":{"line":23,"column":3}}},"fnMap":{"0":{"name":"(anonymous_0)","decl":{"start":{"line":11,"column":13},"end":{"line":11,"column":14}},"loc":{"start":{"line":11,"column":31},"end":{"line":24,"column":1}},"line":11}},"branchMap":{},"s":{"0":1,"1":1,"2":2},"f":{"0":2},"b":{},"_coverageSchema":"1a1c01bbd47fc00a2c39e90264f33305004495a9","hash":"7eca12e9dd58c98615fad30faa8c39d9415acda1"}
,"/Users/arnoldosilva/Projetos/weatherapp/src/pages/home/components/StatusLocationBar.tsx": {"path":"/Users/arnoldosilva/Projetos/weatherapp/src/pages/home/components/StatusLocationBar.tsx","statementMap":{"0":{"start":{"line":9,"column":32},"end":{"line":19,"column":1}},"1":{"start":{"line":17,"column":18},"end":{"line":17,"column":36}},"2":{"start":{"line":36,"column":2},"end":{"line":40,"column":3}}},"fnMap":{"0":{"name":"(anonymous_0)","decl":{"start":{"line":17,"column":9},"end":{"line":17,"column":10}},"loc":{"start":{"line":17,"column":18},"end":{"line":17,"column":36}},"line":17},"1":{"name":"StatusLocationBar","decl":{"start":{"line":35,"column":24},"end":{"line":35,"column":41}},"loc":{"start":{"line":35,"column":71},"end":{"line":41,"column":1}},"line":35}},"branchMap":{},"s":{"0":2,"1":4,"2":4},"f":{"0":4,"1":4},"b":{},"_coverageSchema":"1a1c01bbd47fc00a2c39e90264f33305004495a9","hash":"68e1836c788a1c2f5a0537f3b44e5be4322846b0"}
,"/Users/arnoldosilva/Projetos/weatherapp/src/pages/home/components/StyledHomeComponents.tsx": {"path":"/Users/arnoldosilva/Projetos/weatherapp/src/pages/home/components/StyledHomeComponents.tsx","statementMap":{"0":{"start":{"line":4,"column":25},"end":{"line":6,"column":1}},"1":{"start":{"line":7,"column":23},"end":{"line":11,"column":1}},"2":{"start":{"line":13,"column":27},"end":{"line":19,"column":1}},"3":{"start":{"line":21,"column":24},"end":{"line":30,"column":1}},"4":{"start":{"line":31,"column":24},"end":{"line":34,"column":1}}},"fnMap":{},"branchMap":{},"s":{"0":1,"1":1,"2":1,"3":1,"4":1},"f":{},"b":{},"_coverageSchema":"1a1c01bbd47fc00a2c39e90264f33305004495a9","hash":"f487aa3d60c110787ad96dbdcd47be31cd01f50a"}
,"/Users/arnoldosilva/Projetos/weatherapp/src/pages/home/components/TitleBar.tsx": {"path":"/Users/arnoldosilva/Projetos/weatherapp/src/pages/home/components/TitleBar.tsx","statementMap":{"0":{"start":{"line":10,"column":19},"end":{"line":14,"column":1}},"1":{"start":{"line":15,"column":20},"end":{"line":20,"column":1}},"2":{"start":{"line":22,"column":19},"end":{"line":27,"column":1}},"3":{"start":{"line":30,"column":2},"end":{"line":35,"column":3}}},"fnMap":{"0":{"name":"TitleBar","decl":{"start":{"line":29,"column":24},"end":{"line":29,"column":32}},"loc":{"start":{"line":29,"column":53},"end":{"line":36,"column":1}},"line":29}},"branchMap":{},"s":{"0":2,"1":2,"2":2,"3":5},"f":{"0":5},"b":{},"_coverageSchema":"1a1c01bbd47fc00a2c39e90264f33305004495a9","hash":"d9a701e238e1e0e178a7e7cab095a731cb01da9d"}
,"/Users/arnoldosilva/Projetos/weatherapp/src/types/fonts.ts": {"path":"/Users/arnoldosilva/Projetos/weatherapp/src/types/fonts.ts","statementMap":{},"fnMap":{},"branchMap":{},"s":{},"f":{},"b":{},"_coverageSchema":"1a1c01bbd47fc00a2c39e90264f33305004495a9","hash":"c4f3b06cbc7f8ce0dce89de723acbcbaf192cd51"}
}
