{"/Users/arnoldosilva/Projetos/weatherapp/src/pages/home/Home.tsx": {"path":"/Users/arnoldosilva/Projetos/weatherapp/src/pages/home/Home.tsx","statementMap":{"0":{"start":{"line":7,"column":13},"end":{"line":13,"column":1}},"1":{"start":{"line":8,"column":2},"end":{"line":12,"column":3}}},"fnMap":{"0":{"name":"(anonymous_0)","decl":{"start":{"line":7,"column":13},"end":{"line":7,"column":14}},"loc":{"start":{"line":7,"column":31},"end":{"line":13,"column":1}},"line":7}},"branchMap":{},"s":{"0":1,"1":2},"f":{"0":2},"b":{},"_coverageSchema":"1a1c01bbd47fc00a2c39e90264f33305004495a9","hash":"a4e0532e3a00031add27e75ad3e3341a2bb46f16"}
}
